Add Component: Footprint Not Found C_0603
Add Component: Footprint Not Found C_0603
Add Component: Footprint Not Found C_0603
Add Component: Footprint Not Found C_1206
Add Component: Footprint Not Found C_0603
Add Component: Footprint Not Found C_1206
Add Component: Footprint Not Found C_1206
Add Component: Footprint Not Found C_1206
Add Component: Footprint Not Found C_1206
Add Component: Footprint Not Found C_0603
Add Component: Footprint Not Found C_1206
Add Component: Footprint Not Found C_1206
Added Component: Designator=D1(SOT-23-6_L2.9-W1.6-P0.95-LS2.8-BR)
Add component (AddParameter): Name = "BOM_Assembly Type"; Value = "smtWeld"; VariantName = "[No Variations]"
Add component (AddParameter): Name = "BOM_Paste Type"; Value = "expand"; VariantName = "[No Variations]"
Add component (AddParameter): Name = "BOM_Supplier"; Value = "LCSC"; VariantName = "[No Variations]"
Add component (AddParameter): Name = "LCSC Part Number"; Value = "C558442"; VariantName = "[No Variations]"
Add component (AddParameter): Name = "Manufacturer"; Value = "TECH PUBLIC"; VariantName = "[No Variations]"
Add component (AddParameter): Name = "Manufacturer Part Number"; Value = "TPUSBLC6-2SC6"; VariantName = "[No Variations]"
Add component (AddParameter): Name = "Package"; Value = "SOT-23-6"; VariantName = "[No Variations]"
Add component (AddParameter): Name = "SMT Assembly"; Value = "Yes"; VariantName = "[No Variations]"
Add component (AddParameter): Name = "SMT Type"; Value = "Extend"; VariantName = "[No Variations]"
Add component (AddParameter): Name = "spicePre"; Value = "D"; VariantName = "[No Variations]"
Add component (AddParameter): Name = "spiceSymbolName"; Value = "TPUSBLC6-2SC6"; VariantName = "[No Variations]"
Add Component: Footprint Not Found 2LED_3MM
Added Component: Designator=F1(Fuse_1812_smd)
Add component (AddParameter): Name = "Digikey Part Number"; Value = ""; VariantName = "[No Variations]"
Add component (AddParameter): Name = "LCSC Part Number"; Value = "C70117"; VariantName = "[No Variations]"
Add component (AddParameter): Name = "Manual Assembly"; Value = ""; VariantName = "[No Variations]"
Add component (AddParameter): Name = "Manufacturer"; Value = "TECHFUSE"; VariantName = "[No Variations]"
Add component (AddParameter): Name = "Manufacturer Part Number"; Value = "mSMD075-33V"; VariantName = "[No Variations]"
Add component (AddParameter): Name = "Package"; Value = "1812"; VariantName = "[No Variations]"
Add component (AddParameter): Name = "Pricing 1"; Value = "1=0.08630,10=0.04930 (LCSC)"; VariantName = "[No Variations]"
Add component (AddParameter): Name = "SMT Assembly"; Value = "Yes"; VariantName = "[No Variations]"
Add Component: Footprint Not Found F_1812
Add Component: Footprint Not Found MAX485
Add Component: Footprint Not Found PWRM-TH_BXXXXS-1WR3
Add Component: Footprint Not Found RJ45R10P-B000
Add Component: Footprint Not Found IND-SMD_L3.0-W3.0
Add Component: Footprint Not Found IND-SMD_L3.0-W3.0
Add Component: Footprint Not Found R_0603
Add Component: Footprint Not Found R_0603
Add Pin To Net: Unknown Pin: Pin *1-1
Add Pin To Net: Unknown Pin: Pin *1-2
Add Pin To Net: Unknown Pin: Pin *1-3
Add Pin To Net: Unknown Pin: Pin *1-4
Add Pin To Net: Unknown Pin: Pin *1-5
Add Pin To Net: Unknown Pin: Pin *1-6
Add Pin To Net: Unknown Pin: Pin *1-7
Add Pin To Net: Unknown Pin: Pin *1-8
Add Pin To Net: Unknown Pin: Pin *2-1
Add Pin To Net: Unknown Pin: Pin *2-2
Add Pin To Net: Unknown Pin: Pin *2-3
Add Pin To Net: Unknown Pin: Pin *3-1
Add Pin To Net: Unknown Pin: Pin *3-2
Add Pin To Net: Unknown Pin: Pin *3-3
Add Pin To Net: Unknown Pin: Pin *3-4
Add Pin To Net: Unknown Pin: Pin *3-5
Add Pin To Net: Unknown Pin: Pin *3-6
Add Pin To Net: Unknown Pin: Pin *3-16
Add Pin To Net: Unknown Pin: Pin C1-1
Add Pin To Net: Unknown Pin: Pin C1-2
Add Pin To Net: Unknown Pin: Pin C2-1
Add Pin To Net: Unknown Pin: Pin C2-2
Add Pin To Net: Unknown Pin: Pin C3-1
Add Pin To Net: Unknown Pin: Pin C3-2
Add Pin To Net: Unknown Pin: Pin C4-1
Add Pin To Net: Unknown Pin: Pin C4-2
Add Pin To Net: Unknown Pin: Pin C5-1
Add Pin To Net: Unknown Pin: Pin C5-2
Add Pin To Net: Unknown Pin: Pin C6-1
Add Pin To Net: Unknown Pin: Pin C6-2
Add Pin To Net: Unknown Pin: Pin C7-1
Add Pin To Net: Unknown Pin: Pin C7-2
Add Pin To Net: Unknown Pin: Pin C8-1
Add Pin To Net: Unknown Pin: Pin C8-2
Add Pin To Net: Unknown Pin: Pin C9-1
Add Pin To Net: Unknown Pin: Pin C9-2
Add Pin To Net: Unknown Pin: Pin C10-1
Add Pin To Net: Unknown Pin: Pin C10-2
Add Pin To Net: Unknown Pin: Pin C11-1
Add Pin To Net: Unknown Pin: Pin C11-2
Add Pin To Net: Unknown Pin: Pin C12-1
Add Pin To Net: Unknown Pin: Pin C12-2
Added Pin To Net: NetName=UD+ Pin=D1-1
Added Pin To Net: NetName=GND Pin=D1-2
Added Pin To Net: NetName=UD- Pin=D1-3
Added Pin To Net: NetName=NetD1_4 Pin=D1-4
Added Pin To Net: NetName=+5V_BOARD Pin=D1-5
Added Pin To Net: NetName=NetD1_6 Pin=D1-6
Add Pin To Net: Unknown Pin: Pin D2-1
Add Pin To Net: Unknown Pin: Pin D2-2
Add Pin To Net: Unknown Pin: Pin D2-3
Add Pin To Net: Unknown Pin: Pin D2-4
Added Pin To Net: NetName=+5V_USB Pin=F1-1
Added Pin To Net: NetName=+5V_BOARD Pin=F1-2
Add Pin To Net: Unknown Pin: Pin F4-1
Add Pin To Net: Unknown Pin: Pin F4-2
Add Pin To Net: Unknown Pin: Pin IC1-1
Add Pin To Net: Unknown Pin: Pin IC1-2
Add Pin To Net: Unknown Pin: Pin IC1-3
Add Pin To Net: Unknown Pin: Pin IC1-4
Add Pin To Net: Unknown Pin: Pin IC1-5
Add Pin To Net: Unknown Pin: Pin IC1-6
Add Pin To Net: Unknown Pin: Pin IC1-7
Add Pin To Net: Unknown Pin: Pin IC1-8
Add Pin To Net: Unknown Pin: Pin IC2-1
Add Pin To Net: Unknown Pin: Pin IC2-2
Add Pin To Net: Unknown Pin: Pin IC2-3
Add Pin To Net: Unknown Pin: Pin IC2-4
Add Pin To Net: Unknown Pin: Pin JP2-1
Add Pin To Net: Unknown Pin: Pin JP2-2
Add Pin To Net: Unknown Pin: Pin JP2-4
Add Pin To Net: Unknown Pin: Pin JP2-5
Add Pin To Net: Unknown Pin: Pin JP2-6
Add Pin To Net: Unknown Pin: Pin JP2-7
Add Pin To Net: Unknown Pin: Pin JP2-8
Add Pin To Net: Unknown Pin: Pin L1-1
Add Pin To Net: Unknown Pin: Pin L1-2
Add Pin To Net: Unknown Pin: Pin L2-1
Add Pin To Net: Unknown Pin: Pin L2-2
Add Pin To Net: Unknown Pin: Pin R9-1
Add Pin To Net: Unknown Pin: Pin R9-2
Add Pin To Net: Unknown Pin: Pin R10-1
Add Pin To Net: Unknown Pin: Pin R10-2
Add Class Member: Failed to add class member : Component *1 AduM1201
Add Class Member: Failed to add class member : Component *2 SM712_SMD
Add Class Member: Failed to add class member : Component *3 CH340C
Add Class Member: Failed to add class member : Component C1 100nF
Add Class Member: Failed to add class member : Component C2 100nF
Add Class Member: Failed to add class member : Component C3 100nF
Add Class Member: Failed to add class member : Component C4 4.7uF
Add Class Member: Failed to add class member : Component C5 100nF
Add Class Member: Failed to add class member : Component C6 100nF
Add Class Member: Failed to add class member : Component C7 10uF
Add Class Member: Failed to add class member : Component C8 4.7uF
Add Class Member: Failed to add class member : Component C9 4.7uF
Add Class Member: Failed to add class member : Component C10 100nF
Add Class Member: Failed to add class member : Component C11 4.7uF
Add Class Member: Failed to add class member : Component C12 1nF
Added Member To Class: ClassName=USB_RS485_Board Member=Component D1 TPUSBLC6-2SC6
Add Class Member: Failed to add class member : Component D2 2LED_3MM
Added Member To Class: ClassName=USB_RS485_Board Member=Component F1 PTC 1812 0.75A
Add Class Member: Failed to add class member : Component F4 PTC 1812 0.75A
Add Class Member: Failed to add class member : Component IC1 MAX485-SOIC8
Add Class Member: Failed to add class member : Component IC2 B0505S-1WR3
Add Class Member: Failed to add class member : Component JP2 RJ45-TH
Add Class Member: Failed to add class member : Component L1 10uH
Add Class Member: Failed to add class member : Component L2 6.8uH
Add Class Member: Failed to add class member : Component R9 560OHM
Add Class Member: Failed to add class member : Component R10 560OHM
